08/09/23 10:44:28 AM Friday - setUp - INFO : Launched the app
08/09/23 10:45:08 AM Friday - test_registration_1_0_blank_fields - INFO : Clicked the Continue with email button
08/09/23 10:45:15 AM Friday - test_registration_1_0_blank_fields - INFO : Took the TC_1_0_SingUpPageConfirmation screenshot
08/09/23 10:45:15 AM Friday - test_registration_1_0_blank_fields - INFO : Sing Up page opened
08/09/23 10:45:50 AM Friday - test_registration_1_0_blank_fields - INFO : Password is not correct, an account cannot be created
08/09/23 10:45:52 AM Friday - test_registration_1_0_blank_fields - INFO : Took the TC_1_0_PasswordCheck screenshot
08/09/23 10:45:52 AM Friday - test_registration_1_0_blank_fields - INFO : TC_registration_1_0 is completed
08/09/23 10:46:23 AM Friday - setUp - INFO : Launched the app
08/09/23 10:46:23 AM Friday - setUp - INFO : Launched the app
08/09/23 10:46:56 AM Friday - test_registration_1_1_valid_test_data - INFO : Clicked the Continue with email button
08/09/23 10:47:03 AM Friday - test_registration_1_1_valid_test_data - INFO : Took the TC_1_1_SingUpPageConfirmation screenshot
08/09/23 10:47:03 AM Friday - test_registration_1_1_valid_test_data - INFO : Sing Up page opened
08/09/23 10:47:03 AM Friday - test_registration_1_1_valid_test_data - INFO : Clicked the First name field
08/09/23 10:47:04 AM Friday - test_registration_1_1_valid_test_data - INFO : First name entered
08/09/23 10:47:05 AM Friday - test_registration_1_1_valid_test_data - INFO : Clicked the Last name field
08/09/23 10:47:06 AM Friday - test_registration_1_1_valid_test_data - INFO : Last name entered
08/09/23 10:47:07 AM Friday - test_registration_1_1_valid_test_data - INFO : Clicked the Email address field
08/09/23 10:47:08 AM Friday - test_registration_1_1_valid_test_data - INFO : Email address entered
08/09/23 10:47:09 AM Friday - test_registration_1_1_valid_test_data - INFO : Clicked the Password field
08/09/23 10:47:10 AM Friday - test_registration_1_1_valid_test_data - INFO : Password entered
08/09/23 10:47:11 AM Friday - test_registration_1_1_valid_test_data - INFO : Password is correct, an account can be created
08/09/23 10:47:13 AM Friday - test_registration_1_1_valid_test_data - INFO : Took the TC_1_1_PasswordCheck screenshot
08/09/23 10:47:13 AM Friday - test_registration_1_1_valid_test_data - INFO : TC_registration_1_1 is completed
08/09/23 10:47:46 AM Friday - setUp - INFO : Launched the app
08/09/23 10:47:46 AM Friday - setUp - INFO : Launched the app
08/09/23 10:47:46 AM Friday - setUp - INFO : Launched the app
08/09/23 10:48:24 AM Friday - test_registration_1_2_valid_test_data - INFO : Clicked the Continue with email button
08/09/23 10:48:33 AM Friday - test_registration_1_2_valid_test_data - INFO : Took the TC_1_2_SingUpPageConfirmation screenshot
08/09/23 10:48:33 AM Friday - test_registration_1_2_valid_test_data - INFO : Sing Up page opened
08/09/23 10:48:34 AM Friday - test_registration_1_2_valid_test_data - INFO : Clicked the First name field
08/09/23 10:48:35 AM Friday - test_registration_1_2_valid_test_data - INFO : First name entered
08/09/23 10:48:36 AM Friday - test_registration_1_2_valid_test_data - INFO : Clicked the Last name field
08/09/23 10:48:36 AM Friday - test_registration_1_2_valid_test_data - INFO : Last name entered
08/09/23 10:48:37 AM Friday - test_registration_1_2_valid_test_data - INFO : Clicked the Email address field
08/09/23 10:48:38 AM Friday - test_registration_1_2_valid_test_data - INFO : Email address entered
08/09/23 10:48:39 AM Friday - test_registration_1_2_valid_test_data - INFO : Clicked the Password field
08/09/23 10:48:40 AM Friday - test_registration_1_2_valid_test_data - INFO : Password entered
08/09/23 10:48:42 AM Friday - test_registration_1_2_valid_test_data - INFO : Password is correct, an account can be created
08/09/23 10:48:45 AM Friday - test_registration_1_2_valid_test_data - INFO : Took the TC_1_2_PasswordCheck screenshot
08/09/23 10:48:45 AM Friday - test_registration_1_2_valid_test_data - INFO : TC_registration_1_2 is completed
08/09/23 10:49:18 AM Friday - setUp - INFO : Launched the app
08/09/23 10:49:18 AM Friday - setUp - INFO : Launched the app
08/09/23 10:49:18 AM Friday - setUp - INFO : Launched the app
08/09/23 10:49:18 AM Friday - setUp - INFO : Launched the app
08/09/23 10:49:52 AM Friday - test_registration_1_3_valid_test_data - INFO : Clicked the Continue with email button
08/09/23 10:49:58 AM Friday - test_registration_1_3_valid_test_data - INFO : Took the TC_1_3_SingUpPageConfirmation screenshot
08/09/23 10:49:58 AM Friday - test_registration_1_3_valid_test_data - INFO : Sing Up page opened
08/09/23 10:49:59 AM Friday - test_registration_1_3_valid_test_data - INFO : Clicked the First name field
08/09/23 10:50:00 AM Friday - test_registration_1_3_valid_test_data - INFO : First name entered
08/09/23 10:50:01 AM Friday - test_registration_1_3_valid_test_data - INFO : Clicked the Last name field
08/09/23 10:50:01 AM Friday - test_registration_1_3_valid_test_data - INFO : Last name entered
08/09/23 10:50:02 AM Friday - test_registration_1_3_valid_test_data - INFO : Clicked the Email address field
08/09/23 10:50:04 AM Friday - test_registration_1_3_valid_test_data - INFO : Email address entered
08/09/23 10:50:05 AM Friday - test_registration_1_3_valid_test_data - INFO : Clicked the Password field
08/09/23 10:50:05 AM Friday - test_registration_1_3_valid_test_data - INFO : Password entered
08/09/23 10:50:07 AM Friday - test_registration_1_3_valid_test_data - INFO : Password is correct, an account can be created
08/09/23 10:50:09 AM Friday - test_registration_1_3_valid_test_data - INFO : Took the TC_1_3_PasswordCheck screenshot
08/09/23 10:50:09 AM Friday - test_registration_1_3_valid_test_data - INFO : TC_registration_1_3 is completed
08/09/23 10:50:39 AM Friday - setUp - INFO : Launched the app
08/09/23 10:50:39 AM Friday - setUp - INFO : Launched the app
08/09/23 10:50:39 AM Friday - setUp - INFO : Launched the app
08/09/23 10:50:39 AM Friday - setUp - INFO : Launched the app
08/09/23 10:50:39 AM Friday - setUp - INFO : Launched the app
08/09/23 10:51:12 AM Friday - test_registration_1_4_valid_test_data - INFO : Clicked the Continue with email button
08/09/23 10:51:20 AM Friday - test_registration_1_4_valid_test_data - INFO : Took the TC_1_4_SingUpPageConfirmation screenshot
08/09/23 10:51:20 AM Friday - test_registration_1_4_valid_test_data - INFO : Sing Up page opened
08/09/23 10:51:21 AM Friday - test_registration_1_4_valid_test_data - INFO : Clicked the First name field
08/09/23 10:51:22 AM Friday - test_registration_1_4_valid_test_data - INFO : First name entered
08/09/23 10:51:22 AM Friday - test_registration_1_4_valid_test_data - INFO : Clicked the Last name field
08/09/23 10:51:23 AM Friday - test_registration_1_4_valid_test_data - INFO : Last name entered
08/09/23 10:51:25 AM Friday - test_registration_1_4_valid_test_data - INFO : Clicked the Email address field
08/09/23 10:51:25 AM Friday - test_registration_1_4_valid_test_data - INFO : Email address entered
08/09/23 10:51:26 AM Friday - test_registration_1_4_valid_test_data - INFO : Clicked the Password field
08/09/23 10:51:27 AM Friday - test_registration_1_4_valid_test_data - INFO : Password entered
08/09/23 10:52:02 AM Friday - test_registration_1_4_valid_test_data - INFO : Password is not correct, an account cannot be created
08/09/23 10:52:07 AM Friday - test_registration_1_4_valid_test_data - INFO : Took the TC_1_4_PasswordCheck screenshot
08/09/23 10:52:07 AM Friday - test_registration_1_4_valid_test_data - INFO : TC_registration_1_4 is completed
08/09/23 10:52:48 AM Friday - setUp - INFO : Launched the app
08/09/23 10:52:48 AM Friday - setUp - INFO : Launched the app
08/09/23 10:52:48 AM Friday - setUp - INFO : Launched the app
08/09/23 10:52:48 AM Friday - setUp - INFO : Launched the app
08/09/23 10:52:48 AM Friday - setUp - INFO : Launched the app
08/09/23 10:52:48 AM Friday - setUp - INFO : Launched the app
08/09/23 10:53:24 AM Friday - test_registration_1_5_valid_test_data - INFO : Clicked the Continue with email button
08/09/23 10:53:31 AM Friday - test_registration_1_5_valid_test_data - INFO : Took the TC_1_5_SingUpPageConfirmation screenshot
08/09/23 10:53:31 AM Friday - test_registration_1_5_valid_test_data - INFO : Sing Up page opened
08/09/23 10:53:32 AM Friday - test_registration_1_5_valid_test_data - INFO : Clicked the First name field
08/09/23 10:53:33 AM Friday - test_registration_1_5_valid_test_data - INFO : First name entered
08/09/23 10:53:34 AM Friday - test_registration_1_5_valid_test_data - INFO : Clicked the Last name field
08/09/23 10:53:35 AM Friday - test_registration_1_5_valid_test_data - INFO : Last name entered
08/09/23 10:53:36 AM Friday - test_registration_1_5_valid_test_data - INFO : Clicked the Email address field
08/09/23 10:53:37 AM Friday - test_registration_1_5_valid_test_data - INFO : Email address entered
08/09/23 10:53:38 AM Friday - test_registration_1_5_valid_test_data - INFO : Clicked the Password field
08/09/23 10:53:39 AM Friday - test_registration_1_5_valid_test_data - INFO : Password entered
08/09/23 10:54:14 AM Friday - test_registration_1_5_valid_test_data - INFO : Password is not correct, an account cannot be created
08/09/23 10:54:15 AM Friday - test_registration_1_5_valid_test_data - INFO : Took the TC_1_5_PasswordCheck screenshot
08/09/23 10:54:15 AM Friday - test_registration_1_5_valid_test_data - INFO : TC_registration_1_5 is completed
08/09/23 10:54:52 AM Friday - setUp - INFO : Launched the app
08/09/23 10:54:52 AM Friday - setUp - INFO : Launched the app
08/09/23 10:54:52 AM Friday - setUp - INFO : Launched the app
08/09/23 10:54:52 AM Friday - setUp - INFO : Launched the app
08/09/23 10:54:52 AM Friday - setUp - INFO : Launched the app
08/09/23 10:54:52 AM Friday - setUp - INFO : Launched the app
08/09/23 10:54:52 AM Friday - setUp - INFO : Launched the app
08/09/23 10:55:27 AM Friday - test_registration_1_6_password_not_valid - INFO : Clicked the Continue with email button
08/09/23 10:55:35 AM Friday - test_registration_1_6_password_not_valid - INFO : Took the TC_1_6_SingUpPageConfirmation screenshot
08/09/23 10:55:35 AM Friday - test_registration_1_6_password_not_valid - INFO : Sing Up page opened
08/09/23 10:55:35 AM Friday - test_registration_1_6_password_not_valid - INFO : Clicked the First name field
08/09/23 10:55:36 AM Friday - test_registration_1_6_password_not_valid - INFO : First name entered
08/09/23 10:55:38 AM Friday - test_registration_1_6_password_not_valid - INFO : Clicked the Last name field
08/09/23 10:55:38 AM Friday - test_registration_1_6_password_not_valid - INFO : Last name entered
08/09/23 10:55:39 AM Friday - test_registration_1_6_password_not_valid - INFO : Clicked the Email address field
08/09/23 10:55:39 AM Friday - test_registration_1_6_password_not_valid - INFO : Email address entered
08/09/23 10:55:41 AM Friday - test_registration_1_6_password_not_valid - INFO : Clicked the Password field
08/09/23 10:55:42 AM Friday - test_registration_1_6_password_not_valid - INFO : Password entered
08/09/23 10:56:17 AM Friday - test_registration_1_6_password_not_valid - INFO : Password is not correct, an account cannot be created
08/09/23 10:56:19 AM Friday - test_registration_1_6_password_not_valid - INFO : Took the TC_1_6_PasswordCheck screenshot
08/09/23 10:56:19 AM Friday - test_registration_1_6_password_not_valid - INFO : TC_registration_1_6 is completed
